2024-12-13 17:59:47 [main] INFO  org.codec.GasStationApplication - Starting GasStationApplication using Java 1.8.0_381 on SK-20220418UWWI with PID 7236 (D:\local\gas_station\target\classes started by wps in D:\local\gas_station)
2024-12-13 17:59:47 [main] INFO  org.codec.GasStationApplication - No active profile set, falling back to 1 default profile: "default"
2024-12-13 17:59:48 [main] INFO  o.s.b.w.e.tomcat.TomcatWebServer - Tomcat initialized with port(s): 9090 (http)
2024-12-13 17:59:48 [main] INFO  o.a.coyote.http11.Http11NioProtocol - Initializing ProtocolHandler ["http-nio-9090"]
2024-12-13 17:59:48 [main] INFO  o.a.catalina.core.StandardService - Starting service [Tomcat]
2024-12-13 17:59:48 [main] INFO  o.a.catalina.core.StandardEngine - Starting Servlet engine: [Apache Tomcat/9.0.76]
2024-12-13 17:59:48 [main] INFO  o.a.c.c.C.[Tomcat].[localhost].[/] - Initializing Spring embedded WebApplicationContext
2024-12-13 17:59:48 [main] INFO  o.s.b.w.s.c.ServletWebServerApplicationContext - Root WebApplicationContext: initialization completed in 1352 ms
2024-12-13 17:59:48 [main] INFO  c.a.d.s.b.a.DruidDataSourceAutoConfigure - Init DruidDataSource
2024-12-13 17:59:53 [main] INFO  c.alibaba.druid.pool.DruidDataSource - {dataSource-1} inited
2024-12-13 17:59:53 [main] INFO  c.g.y.a.MybatisPlusJoinAutoConfiguration - MPJSqlInjector init
2024-12-13 17:59:53 [main] WARN  c.b.m.core.metadata.TableInfoHelper - This "stationId" is the table primary key by @TableId annotation in Class: "org.codec.entity.GasStation",So @TableField annotation will not work!
2024-12-13 17:59:53 [main] WARN  c.b.m.core.metadata.TableInfoHelper - This "Id" is the table primary key by @TableId annotation in Class: "org.codec.entity.GasStationConsumer",So @TableField annotation will not work!
2024-12-13 17:59:53 [main] WARN  c.b.m.core.metadata.TableInfoHelper - This "mappingId" is the table primary key by @TableId annotation in Class: "org.codec.entity.GasStationMapping",So @TableField annotation will not work!
2024-12-13 17:59:54 [main] WARN  o.s.b.a.s.s.UserDetailsServiceAutoConfiguration - 

Using generated security password: 4d103561-c6a7-4a25-9f1e-8350bb26bceb

This generated password is for development use only. Your security configuration must be updated before running your application in production.

2024-12-13 17:59:54 [main] INFO  o.s.s.web.DefaultSecurityFilterChain - Will secure any request with [org.springframework.security.web.session.DisableEncodeUrlFilter@38cd16, org.springframework.security.web.context.request.async.WebAsyncManagerIntegrationFilter@1dcb0dc, org.springframework.security.web.context.SecurityContextPersistenceFilter@1b07407, org.springframework.security.web.header.HeaderWriterFilter@19265f1, org.springframework.web.filter.CorsFilter@15bf288, org.springframework.security.web.authentication.logout.LogoutFilter@531172, org.codec.filter.JwtAuthenticationTokenFilter@1d57bc, org.springframework.security.web.savedrequest.RequestCacheAwareFilter@9c099b, org.springframework.security.web.servletapi.SecurityContextHolderAwareRequestFilter@9ac12c, org.springframework.security.web.authentication.AnonymousAuthenticationFilter@c77f54, org.springframework.security.web.session.SessionManagementFilter@980560, org.springframework.security.web.access.ExceptionTranslationFilter@16bff89, org.springframework.security.web.access.intercept.FilterSecurityInterceptor@b311ba]
2024-12-13 17:59:55 [main] WARN  c.b.m.core.metadata.TableInfoHelper - This "Id" is the table primary key by @TableId annotation in Class: "org.codec.entity.GasStationUserMapping",So @TableField annotation will not work!
2024-12-13 17:59:55 [main] INFO  o.a.coyote.http11.Http11NioProtocol - Starting ProtocolHandler ["http-nio-9090"]
2024-12-13 17:59:55 [main] INFO  o.s.b.w.e.tomcat.TomcatWebServer - Tomcat started on port(s): 9090 (http) with context path ''
2024-12-13 17:59:55 [main] INFO  org.codec.GasStationApplication - Started GasStationApplication in 8.312 seconds (JVM running for 8.683)
2024-12-13 18:00:53 [http-nio-9090-exec-1] INFO  o.a.c.c.C.[Tomcat].[localhost].[/] - Initializing Spring DispatcherServlet 'dispatcherServlet'
2024-12-13 18:00:53 [http-nio-9090-exec-1] INFO  o.s.web.servlet.DispatcherServlet - Initializing Servlet 'dispatcherServlet'
2024-12-13 18:00:53 [http-nio-9090-exec-1] INFO  o.s.web.servlet.DispatcherServlet - Completed initialization in 1 ms
2024-12-13 18:00:53 [http-nio-9090-exec-1] INFO  org.codec.service.GasStationService - price data current day has no data,userId:1857344673589280770
2024-12-13 18:01:09 [main] INFO  org.codec.GasStationApplication - Starting GasStationApplication using Java 1.8.0_381 on SK-20220418UWWI with PID 2396 (D:\local\gas_station\target\classes started by wps in D:\local\gas_station)
2024-12-13 18:01:09 [main] INFO  org.codec.GasStationApplication - No active profile set, falling back to 1 default profile: "default"
2024-12-13 18:01:11 [main] INFO  o.s.b.w.e.tomcat.TomcatWebServer - Tomcat initialized with port(s): 9090 (http)
2024-12-13 18:01:11 [main] INFO  o.a.coyote.http11.Http11NioProtocol - Initializing ProtocolHandler ["http-nio-9090"]
2024-12-13 18:01:11 [main] INFO  o.a.catalina.core.StandardService - Starting service [Tomcat]
2024-12-13 18:01:11 [main] INFO  o.a.catalina.core.StandardEngine - Starting Servlet engine: [Apache Tomcat/9.0.76]
2024-12-13 18:01:11 [main] INFO  o.a.c.c.C.[Tomcat].[localhost].[/] - Initializing Spring embedded WebApplicationContext
2024-12-13 18:01:11 [main] INFO  o.s.b.w.s.c.ServletWebServerApplicationContext - Root WebApplicationContext: initialization completed in 1608 ms
2024-12-13 18:01:12 [main] INFO  c.a.d.s.b.a.DruidDataSourceAutoConfigure - Init DruidDataSource
2024-12-13 18:01:15 [main] INFO  c.alibaba.druid.pool.DruidDataSource - {dataSource-1} inited
2024-12-13 18:01:16 [main] INFO  c.g.y.a.MybatisPlusJoinAutoConfiguration - MPJSqlInjector init
2024-12-13 18:01:16 [main] WARN  c.b.m.core.metadata.TableInfoHelper - This "stationId" is the table primary key by @TableId annotation in Class: "org.codec.entity.GasStation",So @TableField annotation will not work!
2024-12-13 18:01:16 [main] WARN  c.b.m.core.metadata.TableInfoHelper - This "Id" is the table primary key by @TableId annotation in Class: "org.codec.entity.GasStationConsumer",So @TableField annotation will not work!
2024-12-13 18:01:16 [main] WARN  c.b.m.core.metadata.TableInfoHelper - This "mappingId" is the table primary key by @TableId annotation in Class: "org.codec.entity.GasStationMapping",So @TableField annotation will not work!
2024-12-13 18:01:17 [main] WARN  o.s.b.a.s.s.UserDetailsServiceAutoConfiguration - 

Using generated security password: c1d6159e-b559-4967-9ede-ada5ca98a896

This generated password is for development use only. Your security configuration must be updated before running your application in production.

2024-12-13 18:01:17 [main] INFO  o.s.s.web.DefaultSecurityFilterChain - Will secure any request with [org.springframework.security.web.session.DisableEncodeUrlFilter@4e051, org.springframework.security.web.context.request.async.WebAsyncManagerIntegrationFilter@135bdc6, org.springframework.security.web.context.SecurityContextPersistenceFilter@ffbab6, org.springframework.security.web.header.HeaderWriterFilter@142336c, org.springframework.web.filter.CorsFilter@1e86863, org.springframework.security.web.authentication.logout.LogoutFilter@1f04fa1, org.codec.filter.JwtAuthenticationTokenFilter@1f87ffd, org.springframework.security.web.savedrequest.RequestCacheAwareFilter@72960e, org.springframework.security.web.servletapi.SecurityContextHolderAwareRequestFilter@64d34d, org.springframework.security.web.authentication.AnonymousAuthenticationFilter@1f0c7b, org.springframework.security.web.session.SessionManagementFilter@1ab78ce, org.springframework.security.web.access.ExceptionTranslationFilter@82309c, org.springframework.security.web.access.intercept.FilterSecurityInterceptor@9051fd]
2024-12-13 18:01:18 [main] WARN  c.b.m.core.metadata.TableInfoHelper - This "Id" is the table primary key by @TableId annotation in Class: "org.codec.entity.GasStationUserMapping",So @TableField annotation will not work!
2024-12-13 18:01:18 [main] INFO  o.a.coyote.http11.Http11NioProtocol - Starting ProtocolHandler ["http-nio-9090"]
2024-12-13 18:01:18 [main] INFO  o.s.b.w.e.tomcat.TomcatWebServer - Tomcat started on port(s): 9090 (http) with context path ''
2024-12-13 18:01:18 [main] INFO  org.codec.GasStationApplication - Started GasStationApplication in 9.081 seconds (JVM running for 9.526)
2024-12-13 18:01:36 [http-nio-9090-exec-2] INFO  o.a.c.c.C.[Tomcat].[localhost].[/] - Initializing Spring DispatcherServlet 'dispatcherServlet'
2024-12-13 18:01:36 [http-nio-9090-exec-2] INFO  o.s.web.servlet.DispatcherServlet - Initializing Servlet 'dispatcherServlet'
2024-12-13 18:01:36 [http-nio-9090-exec-2] INFO  o.s.web.servlet.DispatcherServlet - Completed initialization in 1 ms
2024-12-13 18:02:19 [http-nio-9090-exec-2] INFO  org.codec.service.GasStationService - price data current day has no data,userId:1857344673589280770
2024-12-13 18:04:23 [main] INFO  org.codec.GasStationApplication - Starting GasStationApplication using Java 1.8.0_381 on SK-20220418UWWI with PID 12028 (D:\local\gas_station\target\classes started by wps in D:\local\gas_station)
2024-12-13 18:04:23 [main] INFO  org.codec.GasStationApplication - No active profile set, falling back to 1 default profile: "default"
2024-12-13 18:04:24 [main] INFO  o.s.b.w.e.tomcat.TomcatWebServer - Tomcat initialized with port(s): 9090 (http)
2024-12-13 18:04:24 [main] INFO  o.a.coyote.http11.Http11NioProtocol - Initializing ProtocolHandler ["http-nio-9090"]
2024-12-13 18:04:24 [main] INFO  o.a.catalina.core.StandardService - Starting service [Tomcat]
2024-12-13 18:04:24 [main] INFO  o.a.catalina.core.StandardEngine - Starting Servlet engine: [Apache Tomcat/9.0.76]
2024-12-13 18:04:24 [main] INFO  o.a.c.c.C.[Tomcat].[localhost].[/] - Initializing Spring embedded WebApplicationContext
2024-12-13 18:04:24 [main] INFO  o.s.b.w.s.c.ServletWebServerApplicationContext - Root WebApplicationContext: initialization completed in 1530 ms
2024-12-13 18:04:24 [main] INFO  c.a.d.s.b.a.DruidDataSourceAutoConfigure - Init DruidDataSource
2024-12-13 18:04:27 [main] INFO  c.alibaba.druid.pool.DruidDataSource - {dataSource-1} inited
2024-12-13 18:04:28 [main] INFO  c.g.y.a.MybatisPlusJoinAutoConfiguration - MPJSqlInjector init
2024-12-13 18:04:28 [main] WARN  c.b.m.core.metadata.TableInfoHelper - This "stationId" is the table primary key by @TableId annotation in Class: "org.codec.entity.GasStation",So @TableField annotation will not work!
2024-12-13 18:04:28 [main] WARN  c.b.m.core.metadata.TableInfoHelper - This "Id" is the table primary key by @TableId annotation in Class: "org.codec.entity.GasStationConsumer",So @TableField annotation will not work!
2024-12-13 18:04:28 [main] WARN  c.b.m.core.metadata.TableInfoHelper - This "mappingId" is the table primary key by @TableId annotation in Class: "org.codec.entity.GasStationMapping",So @TableField annotation will not work!
2024-12-13 18:04:28 [main] WARN  o.s.b.a.s.s.UserDetailsServiceAutoConfiguration - 

Using generated security password: 2aa74242-f09f-4677-ba7a-91bf61d529ae

This generated password is for development use only. Your security configuration must be updated before running your application in production.

2024-12-13 18:04:29 [main] INFO  o.s.s.web.DefaultSecurityFilterChain - Will secure any request with [org.springframework.security.web.session.DisableEncodeUrlFilter@31989d, org.springframework.security.web.context.request.async.WebAsyncManagerIntegrationFilter@8f310a, org.springframework.security.web.context.SecurityContextPersistenceFilter@1b514c2, org.springframework.security.web.header.HeaderWriterFilter@13051, org.springframework.web.filter.CorsFilter@7d914c, org.springframework.security.web.authentication.logout.LogoutFilter@18dc733, org.codec.filter.JwtAuthenticationTokenFilter@15940af, org.springframework.security.web.savedrequest.RequestCacheAwareFilter@97f5e9, org.springframework.security.web.servletapi.SecurityContextHolderAwareRequestFilter@c92631, org.springframework.security.web.authentication.AnonymousAuthenticationFilter@1f8df69, org.springframework.security.web.session.SessionManagementFilter@54e373, org.springframework.security.web.access.ExceptionTranslationFilter@125709e, org.springframework.security.web.access.intercept.FilterSecurityInterceptor@14378d]
2024-12-13 18:04:30 [main] WARN  c.b.m.core.metadata.TableInfoHelper - This "Id" is the table primary key by @TableId annotation in Class: "org.codec.entity.GasStationUserMapping",So @TableField annotation will not work!
2024-12-13 18:04:30 [main] INFO  o.a.coyote.http11.Http11NioProtocol - Starting ProtocolHandler ["http-nio-9090"]
2024-12-13 18:04:30 [main] INFO  o.s.b.w.e.tomcat.TomcatWebServer - Tomcat started on port(s): 9090 (http) with context path ''
2024-12-13 18:04:30 [main] INFO  org.codec.GasStationApplication - Started GasStationApplication in 7.79 seconds (JVM running for 8.203)
2024-12-13 18:05:18 [http-nio-9090-exec-1] INFO  o.a.c.c.C.[Tomcat].[localhost].[/] - Initializing Spring DispatcherServlet 'dispatcherServlet'
2024-12-13 18:05:18 [http-nio-9090-exec-1] INFO  o.s.web.servlet.DispatcherServlet - Initializing Servlet 'dispatcherServlet'
2024-12-13 18:05:18 [http-nio-9090-exec-1] INFO  o.s.web.servlet.DispatcherServlet - Completed initialization in 1 ms
2024-12-13 18:08:00 [http-nio-9090-exec-1] INFO  org.codec.service.GasStationService - price data current day has no data,userId:1857344673589280770
