2024-12-12 14:03:29 [main] INFO  org.codec.GasStationApplication - Starting GasStationApplication using Java 1.8.0_381 on SK-20220418UWWI with PID 13440 (D:\local\gas_station\target\classes started by wps in D:\local\gas_station)
2024-12-12 14:03:29 [main] INFO  org.codec.GasStationApplication - No active profile set, falling back to 1 default profile: "default"
2024-12-12 14:03:30 [main] INFO  o.s.b.w.e.tomcat.TomcatWebServer - Tomcat initialized with port(s): 9090 (http)
2024-12-12 14:03:30 [main] INFO  o.a.coyote.http11.Http11NioProtocol - Initializing ProtocolHandler ["http-nio-9090"]
2024-12-12 14:03:30 [main] INFO  o.a.catalina.core.StandardService - Starting service [Tomcat]
2024-12-12 14:03:30 [main] INFO  o.a.catalina.core.StandardEngine - Starting Servlet engine: [Apache Tomcat/9.0.76]
2024-12-12 14:03:30 [main] INFO  o.a.c.c.C.[Tomcat].[localhost].[/] - Initializing Spring embedded WebApplicationContext
2024-12-12 14:03:30 [main] INFO  o.s.b.w.s.c.ServletWebServerApplicationContext - Root WebApplicationContext: initialization completed in 1342 ms
2024-12-12 14:03:30 [main] INFO  c.a.d.s.b.a.DruidDataSourceAutoConfigure - Init DruidDataSource
2024-12-12 14:03:33 [main] INFO  c.alibaba.druid.pool.DruidDataSource - {dataSource-1} inited
2024-12-12 14:03:33 [main] INFO  c.g.y.a.MybatisPlusJoinAutoConfiguration - MPJSqlInjector init
2024-12-12 14:03:34 [main] WARN  c.b.m.core.metadata.TableInfoHelper - This "stationId" is the table primary key by @TableId annotation in Class: "org.codec.entity.GasStation",So @TableField annotation will not work!
2024-12-12 14:03:34 [main] WARN  c.b.m.core.metadata.TableInfoHelper - This "Id" is the table primary key by @TableId annotation in Class: "org.codec.entity.GasStationConsumer",So @TableField annotation will not work!
2024-12-12 14:03:34 [main] WARN  c.b.m.core.metadata.TableInfoHelper - This "mappingId" is the table primary key by @TableId annotation in Class: "org.codec.entity.GasStationMapping",So @TableField annotation will not work!
2024-12-12 14:03:34 [main] WARN  o.s.b.a.s.s.UserDetailsServiceAutoConfiguration - 

Using generated security password: a5e9dcf3-d338-4e71-b799-44f9857c98f9

This generated password is for development use only. Your security configuration must be updated before running your application in production.

2024-12-12 14:03:35 [main] INFO  o.s.s.web.DefaultSecurityFilterChain - Will secure any request with [org.springframework.security.web.session.DisableEncodeUrlFilter@4bdeed, org.springframework.security.web.context.request.async.WebAsyncManagerIntegrationFilter@b311ba, org.springframework.security.web.context.SecurityContextPersistenceFilter@1b07407, org.springframework.security.web.header.HeaderWriterFilter@19265f1, org.springframework.web.filter.CorsFilter@2c351d, org.springframework.security.web.authentication.logout.LogoutFilter@531172, org.codec.filter.JwtAuthenticationTokenFilter@1eaba95, org.springframework.security.web.savedrequest.RequestCacheAwareFilter@9c099b, org.springframework.security.web.servletapi.SecurityContextHolderAwareRequestFilter@9ac12c, org.springframework.security.web.authentication.AnonymousAuthenticationFilter@120be73, org.springframework.security.web.session.SessionManagementFilter@980560, org.springframework.security.web.access.ExceptionTranslationFilter@16bff89, org.springframework.security.web.access.intercept.FilterSecurityInterceptor@f2f846]
2024-12-12 14:03:35 [main] WARN  c.b.m.core.metadata.TableInfoHelper - This "Id" is the table primary key by @TableId annotation in Class: "org.codec.entity.GasStationUserMapping",So @TableField annotation will not work!
2024-12-12 14:03:35 [main] INFO  o.a.coyote.http11.Http11NioProtocol - Starting ProtocolHandler ["http-nio-9090"]
2024-12-12 14:03:35 [main] INFO  o.s.b.w.e.tomcat.TomcatWebServer - Tomcat started on port(s): 9090 (http) with context path ''
2024-12-12 14:03:35 [main] INFO  org.codec.GasStationApplication - Started GasStationApplication in 6.959 seconds (JVM running for 7.318)
2024-12-12 14:03:47 [http-nio-9090-exec-2] INFO  o.a.c.c.C.[Tomcat].[localhost].[/] - Initializing Spring DispatcherServlet 'dispatcherServlet'
2024-12-12 14:03:47 [http-nio-9090-exec-2] INFO  o.s.web.servlet.DispatcherServlet - Initializing Servlet 'dispatcherServlet'
2024-12-12 14:03:47 [http-nio-9090-exec-2] INFO  o.s.web.servlet.DispatcherServlet - Completed initialization in 1 ms
2024-12-12 14:03:47 [http-nio-9090-exec-2] INFO  org.codec.service.GasStationService - price data current day has no data
2024-12-12 14:03:57 [http-nio-9090-exec-4] ERROR org.codec.service.GasStationService - targetStation is null,stationId:1,
2024-12-12 14:04:16 [http-nio-9090-exec-8] INFO  org.codec.service.GasStationService - price data current day has no data
